<?xml version="1.0" encoding="UTF-8"?>
<!-- Generated by org.testng.reporters.JUnitReportReporter -->
<testsuite skipped="0" hostname="IBM-Testing01" name="testNgpackage.Grid_2" tests="1" failures="0" timestamp="13 Mar 2020 08:29:49 GMT" time="4.601" errors="0">
  <testcase name="simpletest" time="4.601" classname="testNgpackage.Grid_2"/>
</testsuite> <!-- testNgpackage.Grid_2 -->
