<?xml version="1.0" encoding="UTF-8"?>
<!-- Generated by org.testng.reporters.JUnitReportReporter -->
<testsuite skipped="0" hostname="IBM-Testing01" name="testNgpackage.PriorityDemo" tests="3" failures="0" timestamp="04 Mar 2020 03:45:50 GMT" time="0.010" errors="0">
  <testcase name="StartApp" time="0.010" classname="testNgpackage.PriorityDemo"/>
  <testcase name="LoginApp" time="0.000" classname="testNgpackage.PriorityDemo"/>
  <testcase name="SignOff" time="0.000" classname="testNgpackage.PriorityDemo"/>
</testsuite> <!-- testNgpackage.PriorityDemo -->
