<?xml version="1.0" encoding="UTF-8"?>
<!-- Generated by org.testng.reporters.JUnitReportReporter -->
<testsuite skipped="0" hostname="IBM-Testing01" name="Groupspackage.Test2" tests="2" failures="0" timestamp="04 Mar 2020 09:20:34 GMT" time="0.008" errors="0">
  <testcase name="testr3" time="0.004" classname="Groupspackage.Test2"/>
  <testcase name="testr2" time="0.004" classname="Groupspackage.Test2"/>
</testsuite> <!-- Groupspackage.Test2 -->
