<?xml version="1.0" encoding="UTF-8"?>
<!-- Generated by org.testng.reporters.JUnitReportReporter -->
<testsuite skipped="0" hostname="IBM-Testing01" name="testNgpackage.DemoWebShop" tests="4" failures="0" timestamp="04 Mar 2020 04:24:47 GMT" time="20.975" errors="0">
  <testcase name="StartApp" time="15.556" classname="testNgpackage.DemoWebShop"/>
  <testcase name="CheckTitle" time="0.012" classname="testNgpackage.DemoWebShop"/>
  <testcase name="LoginApp" time="3.243" classname="testNgpackage.DemoWebShop"/>
  <testcase name="LogOut" time="2.164" classname="testNgpackage.DemoWebShop"/>
</testsuite> <!-- testNgpackage.DemoWebShop -->
