<?xml version="1.0" encoding="UTF-8"?>
<!-- Generated by org.testng.reporters.JUnitReportReporter -->
<testsuite skipped="0" hostname="IBM-Testing01" name="Groupspackage.Groupsdemo" tests="1" failures="0" timestamp="04 Mar 2020 09:20:34 GMT" time="0.012" errors="0">
  <testcase name="testr1" time="0.012" classname="Groupspackage.Groupsdemo"/>
</testsuite> <!-- Groupspackage.Groupsdemo -->
